[   329.665] (WW) Failed to open protocol names file lib/xorg/protocol.txt
[   329.665] 
X.Org X Server 1.20.8
X Protocol Version 11, Revision 0
[   329.665] Build Operating System: Linux Arch Linux
[   329.665] Current Operating System: Linux CKXPS 5.6.3-arch1-1 #1 SMP PREEMPT Wed, 08 Apr 2020 07:47:16 +0000 x86_64
[   329.665] Kernel command line: initrd=\intel-ucode.img initrd=\initramfs-linux.img rw luks.uuid=8f08fe6c-bdba-431f-8de0-dd5b057b30b8 luks.name=8f08fe6c-bdba-431f-8de0-dd5b057b30b8=luks root=/dev/mapper/luks rootflags=subvol=@root
[   329.665] Build Date: 30 March 2020  05:05:45AM
[   329.665]  
[   329.666] Current version of pixman: 0.38.4
[   329.666] 	Before reporting problems, check http://wiki.x.org
	to make sure that you have the latest version.
[   329.666] Markers: (--) probed, (**) from config file, (==) default setting,
	(++) from command line, (!!) notice, (II) informational,
	(WW) warning, (EE) error, (NI) not implemented, (??) unknown.
[   329.666] (==) Log file: "/home/conor/.local/share/xorg/Xorg.0.log", Time: Sat Apr 11 15:18:45 2020
[   329.666] (==) Using system config directory "/usr/share/X11/xorg.conf.d"
[   329.666] (==) No Layout section.  Using the first Screen section.
[   329.666] (==) No screen section available. Using defaults.
[   329.666] (**) |-->Screen "Default Screen Section" (0)
[   329.666] (**) |   |-->Monitor "<default monitor>"
[   329.667] (==) No monitor specified for screen "Default Screen Section".
	Using a default monitor configuration.
[   329.667] (==) Automatically adding devices
[   329.667] (==) Automatically enabling devices
[   329.667] (==) Automatically adding GPU devices
[   329.667] (==) Automatically binding GPU devices
[   329.667] (==) Max clients allowed: 256, resource mask: 0x1fffff
[   329.668] (WW) The directory "/usr/share/fonts/Type1" does not exist.
[   329.668] 	Entry deleted from font path.
[   329.669] (WW) `fonts.dir' not found (or not valid) in "/usr/share/fonts/100dpi".
[   329.669] 	Entry deleted from font path.
[   329.669] 	(Run 'mkfontdir' on "/usr/share/fonts/100dpi").
[   329.669] (WW) `fonts.dir' not found (or not valid) in "/usr/share/fonts/75dpi".
[   329.669] 	Entry deleted from font path.
[   329.669] 	(Run 'mkfontdir' on "/usr/share/fonts/75dpi").
[   329.669] (==) FontPath set to:
	/usr/share/fonts/misc,
	/usr/share/fonts/TTF,
	/usr/share/fonts/OTF
[   329.669] (==) ModulePath set to "/usr/lib/xorg/modules"
[   329.669] (II) The server relies on udev to provide the list of input devices.
	If no devices become available, reconfigure udev or disable AutoAddDevices.
[   329.669] (II) Module ABI versions:
[   329.669] 	X.Org ANSI C Emulation: 0.4
[   329.669] 	X.Org Video Driver: 24.1
[   329.669] 	X.Org XInput driver : 24.1
[   329.669] 	X.Org Server Extension : 10.0
[   329.669] (++) using VT number 2

[   329.669] (--) controlling tty is VT number 2, auto-enabling KeepTty
[   329.670] (II) systemd-logind: took control of session /org/freedesktop/login1/session/_31
[   329.671] (II) xfree86: Adding drm device (/dev/dri/card0)
[   329.671] (II) systemd-logind: got fd for /dev/dri/card0 226:0 fd 10 paused 0
[   329.673] (--) PCI:*(0@0:2:0) 8086:5916:1028:075b rev 2, Mem @ 0xdb000000/16777216, 0x90000000/268435456, I/O @ 0x0000f000/64, BIOS @ 0x????????/131072
[   329.673] (WW) Open ACPI failed (/var/run/acpid.socket) (No such file or directory)
[   329.673] (II) LoadModule: "glx"
[   329.673] (II) Loading /usr/lib/xorg/modules/extensions/libglx.so
[   329.681] (II) Module glx: vendor="X.Org Foundation"
[   329.682] 	compiled for 1.20.8, module version = 1.0.0
[   329.682] 	ABI class: X.Org Server Extension, version 10.0
[   329.682] (==) Matched intel as autoconfigured driver 0
[   329.682] (==) Matched modesetting as autoconfigured driver 1
[   329.682] (==) Matched fbdev as autoconfigured driver 2
[   329.682] (==) Matched vesa as autoconfigured driver 3
[   329.682] (==) Assigned the driver to the xf86ConfigLayout
[   329.682] (II) LoadModule: "intel"
[   329.682] (WW) Warning, couldn't open module intel
[   329.682] (EE) Failed to load module "intel" (module does not exist, 0)
[   329.682] (II) LoadModule: "modesetting"
[   329.682] (II) Loading /usr/lib/xorg/modules/drivers/modesetting_drv.so
[   329.684] (II) Module modesetting: vendor="X.Org Foundation"
[   329.684] 	compiled for 1.20.8, module version = 1.20.8
[   329.684] 	Module class: X.Org Video Driver
[   329.684] 	ABI class: X.Org Video Driver, version 24.1
[   329.684] (II) LoadModule: "fbdev"
[   329.684] (WW) Warning, couldn't open module fbdev
[   329.684] (EE) Failed to load module "fbdev" (module does not exist, 0)
[   329.684] (II) LoadModule: "vesa"
[   329.685] (WW) Warning, couldn't open module vesa
[   329.685] (EE) Failed to load module "vesa" (module does not exist, 0)
[   329.685] (II) modesetting: Driver for Modesetting Kernel Drivers: kms
[   329.685] (II) modeset(0): using drv /dev/dri/card0
[   329.685] (WW) VGA arbiter: cannot open kernel arbiter, no multi-card support
[   329.685] (II) modeset(0): Creating default Display subsection in Screen section
	"Default Screen Section" for depth/fbbpp 24/32
[   329.685] (==) modeset(0): Depth 24, (==) framebuffer bpp 32
[   329.685] (==) modeset(0): RGB weight 888
[   329.685] (==) modeset(0): Default visual is TrueColor
[   329.685] (II) Loading sub module "glamoregl"
[   329.685] (II) LoadModule: "glamoregl"
[   329.685] (II) Loading /usr/lib/xorg/modules/libglamoregl.so
[   329.691] (II) Module glamoregl: vendor="X.Org Foundation"
[   329.691] 	compiled for 1.20.8, module version = 1.0.1
[   329.691] 	ABI class: X.Org ANSI C Emulation, version 0.4
[   330.035] (II) modeset(0): glamor X acceleration enabled on Mesa Intel(R) HD Graphics 620 (KBL GT2)
[   330.035] (II) modeset(0): glamor initialized
[   330.036] (II) modeset(0): Output eDP-1 has no monitor section
[   330.037] (II) modeset(0): Output DP-1 has no monitor section
[   330.037] (II) modeset(0): Output DP-2 has no monitor section
[   330.038] (II) modeset(0): EDID for output eDP-1
[   330.038] (II) modeset(0): Manufacturer: SHP  Model: 1449  Serial#: 0
[   330.038] (II) modeset(0): Year: 2015  Week: 32
[   330.038] (II) modeset(0): EDID Version: 1.4
[   330.038] (II) modeset(0): Digital Display Input
[   330.038] (II) modeset(0): 8 bits per channel
[   330.038] (II) modeset(0): Digital interface is DisplayPort
[   330.038] (II) modeset(0): Max Image Size [cm]: horiz.: 29  vert.: 17
[   330.038] (II) modeset(0): Gamma: 2.20
[   330.038] (II) modeset(0): No DPMS capabilities specified
[   330.038] (II) modeset(0): Supported color encodings: RGB 4:4:4 YCrCb 4:4:4 
[   330.038] (II) modeset(0): Default color space is primary color space
[   330.038] (II) modeset(0): First detailed timing is preferred mode
[   330.038] (II) modeset(0): Preferred mode is native pixel format and refresh rate
[   330.038] (II) modeset(0): redX: 0.640 redY: 0.329   greenX: 0.300 greenY: 0.600
[   330.038] (II) modeset(0): blueX: 0.149 blueY: 0.060   whiteX: 0.312 whiteY: 0.328
[   330.038] (II) modeset(0): Manufacturer's mask: 0
[   330.038] (II) modeset(0): Supported detailed timing:
[   330.038] (II) modeset(0): clock: 138.5 MHz   Image Size:  294 x 165 mm
[   330.038] (II) modeset(0): h_active: 1920  h_sync: 1968  h_sync_end 2000 h_blank_end 2080 h_border: 0
[   330.038] (II) modeset(0): v_active: 1080  v_sync: 1083  v_sync_end 1088 v_blanking: 1111 v_border: 0
[   330.038] (II) modeset(0):  DJCP6€LQ133M1
[   330.038] (II) modeset(0): Unknown vendor-specific block 0
[   330.038] (II) modeset(0): EDID (in hex):
[   330.038] (II) modeset(0): 	00ffffffffffff004d10491400000000
[   330.038] (II) modeset(0): 	20190104a51d11780ede50a3544c9926
[   330.038] (II) modeset(0): 	0f505400000001010101010101010101
[   330.038] (II) modeset(0): 	0101010101011a3680a070381f403020
[   330.038] (II) modeset(0): 	350026a5100000180000001000000000
[   330.038] (II) modeset(0): 	00000000000000000000000000fe0044
[   330.038] (II) modeset(0): 	4a435036804c513133334d3100000000
[   330.038] (II) modeset(0): 	0002410328001200000b010a20200066
[   330.039] (II) modeset(0): Printing probed modes for output eDP-1
[   330.039] (II) modeset(0): Modeline "1920x1080"x59.9  138.50  1920 1968 2000 2080  1080 1083 1088 1111 -hsync -vsync (66.6 kHz eP)
[   330.039] (II) modeset(0): Modeline "1680x1050"x60.0  146.25  1680 1784 1960 2240  1050 1053 1059 1089 -hsync +vsync (65.3 kHz d)
[   330.039] (II) modeset(0): Modeline "1680x1050"x59.9  119.00  1680 1728 1760 1840  1050 1053 1059 1080 +hsync -vsync (64.7 kHz d)
[   330.039] (II) modeset(0): Modeline "1400x1050"x60.0  122.00  1400 1488 1640 1880  1050 1052 1064 1082 +hsync +vsync (64.9 kHz d)
[   330.039] (II) modeset(0): Modeline "1600x900"x120.0  246.00  1600 1728 1900 2200  900 901 904 932 doublescan -hsync +vsync (111.8 kHz d)
[   330.039] (II) modeset(0): Modeline "1600x900"x119.9  186.50  1600 1624 1640 1680  900 901 904 926 doublescan +hsync -vsync (111.0 kHz d)
[   330.039] (II) modeset(0): Modeline "1600x900"x59.9  118.25  1600 1696 1856 2112  900 903 908 934 -hsync +vsync (56.0 kHz d)
[   330.039] (II) modeset(0): Modeline "1600x900"x59.8   97.50  1600 1648 1680 1760  900 903 908 926 +hsync -vsync (55.4 kHz d)
[   330.039] (II) modeset(0): Modeline "1280x1024"x60.0  108.00  1280 1328 1440 1688  1024 1025 1028 1066 +hsync +vsync (64.0 kHz d)
[   330.039] (II) modeset(0): Modeline "1400x900"x60.0  103.50  1400 1480 1624 1848  900 903 913 934 -hsync +vsync (56.0 kHz d)
[   330.039] (II) modeset(0): Modeline "1400x900"x59.9   86.50  1400 1448 1480 1560  900 903 913 926 +hsync -vsync (55.4 kHz d)
[   330.039] (II) modeset(0): Modeline "1280x960"x60.0  108.00  1280 1376 1488 1800  960 961 964 1000 +hsync +vsync (60.0 kHz d)
[   330.039] (II) modeset(0): Modeline "1440x810"x120.0  198.12  1440 1548 1704 1968  810 811 814 839 doublescan -hsync +vsync (100.7 kHz d)
[   330.039] (II) modeset(0): Modeline "1440x810"x119.9  151.88  1440 1464 1480 1520  810 811 814 833 doublescan +hsync -vsync (99.9 kHz d)
[   330.039] (II) modeset(0): Modeline "1368x768"x59.9   85.25  1368 1440 1576 1784  768 771 781 798 -hsync +vsync (47.8 kHz d)
[   330.039] (II) modeset(0): Modeline "1368x768"x59.9   72.25  1368 1416 1448 1528  768 771 781 790 +hsync -vsync (47.3 kHz d)
[   330.039] (II) modeset(0): Modeline "1280x800"x120.0  174.25  1280 1380 1516 1752  800 801 804 829 doublescan -hsync +vsync (99.5 kHz d)
[   330.039] (II) modeset(0): Modeline "1280x800"x119.9  134.25  1280 1304 1320 1360  800 801 804 823 doublescan +hsync -vsync (98.7 kHz d)
[   330.039] (II) modeset(0): Modeline "1280x800"x59.8   83.50  1280 1352 1480 1680  800 803 809 831 -hsync +vsync (49.7 kHz d)
[   330.039] (II) modeset(0): Modeline "1280x800"x59.9   71.00  1280 1328 1360 1440  800 803 809 823 +hsync -vsync (49.3 kHz d)
[   330.039] (II) modeset(0): Modeline "1280x720"x120.0  156.12  1280 1376 1512 1744  720 721 724 746 doublescan -hsync +vsync (89.5 kHz d)
[   330.039] (II) modeset(0): Modeline "1280x720"x120.0  120.75  1280 1304 1320 1360  720 721 724 740 doublescan +hsync -vsync (88.8 kHz d)
[   330.039] (II) modeset(0): Modeline "1280x720"x59.9   74.50  1280 1344 1472 1664  720 723 728 748 -hsync +vsync (44.8 kHz d)
[   330.039] (II) modeset(0): Modeline "1280x720"x59.7   63.75  1280 1328 1360 1440  720 723 728 741 +hsync -vsync (44.3 kHz d)
[   330.039] (II) modeset(0): Modeline "1024x768"x120.1  133.47  1024 1100 1212 1400  768 768 770 794 doublescan -hsync +vsync (95.3 kHz d)
[   330.039] (II) modeset(0): Modeline "1024x768"x60.0   65.00  1024 1048 1184 1344  768 771 777 806 -hsync -vsync (48.4 kHz d)
[   330.039] (II) modeset(0): Modeline "960x720"x120.0  117.00  960 1024 1128 1300  720 720 722 750 doublescan -hsync +vsync (90.0 kHz d)
[   330.039] (II) modeset(0): Modeline "928x696"x120.1  109.15  928 976 1088 1264  696 696 698 719 doublescan -hsync +vsync (86.4 kHz d)
[   330.039] (II) modeset(0): Modeline "896x672"x120.0  102.40  896 960 1060 1224  672 672 674 697 doublescan -hsync +vsync (83.7 kHz d)
[   330.039] (II) modeset(0): Modeline "1024x576"x119.9   98.50  1024 1092 1200 1376  576 577 580 597 doublescan -hsync +vsync (71.6 kHz d)
[   330.039] (II) modeset(0): Modeline "1024x576"x119.9   78.38  1024 1048 1064 1104  576 577 580 592 doublescan +hsync -vsync (71.0 kHz d)
[   330.039] (II) modeset(0): Modeline "1024x576"x59.9   46.50  1024 1064 1160 1296  576 579 584 599 -hsync +vsync (35.9 kHz d)
[   330.039] (II) modeset(0): Modeline "1024x576"x59.8   42.00  1024 1072 1104 1184  576 579 584 593 +hsync -vsync (35.5 kHz d)
[   330.039] (II) modeset(0): Modeline "960x600"x119.9   96.62  960 1028 1128 1296  600 601 604 622 doublescan -hsync +vsync (74.6 kHz d)
[   330.039] (II) modeset(0): Modeline "960x600"x120.0   77.00  960 984 1000 1040  600 601 604 617 doublescan +hsync -vsync (74.0 kHz d)
[   330.039] (II) modeset(0): Modeline "960x540"x119.9   86.50  960 1024 1124 1288  540 541 544 560 doublescan -hsync +vsync (67.2 kHz d)
[   330.039] (II) modeset(0): Modeline "960x540"x120.0   69.25  960 984 1000 1040  540 541 544 555 doublescan +hsync -vsync (66.6 kHz d)
[   330.039] (II) modeset(0): Modeline "960x540"x59.6   40.75  960 992 1088 1216  540 543 548 562 -hsync +vsync (33.5 kHz d)
[   330.039] (II) modeset(0): Modeline "960x540"x59.8   37.25  960 1008 1040 1120  540 543 548 556 +hsync -vsync (33.3 kHz d)
[   330.039] (II) modeset(0): Modeline "800x600"x120.0   81.00  800 832 928 1080  600 600 602 625 doublescan +hsync +vsync (75.0 kHz d)
[   330.039] (II) modeset(0): Modeline "800x600"x60.3   40.00  800 840 968 1056  600 601 605 628 +hsync +vsync (37.9 kHz d)
[   330.039] (II) modeset(0): Modeline "800x600"x56.2   36.00  800 824 896 1024  600 601 603 625 +hsync +vsync (35.2 kHz d)
[   330.039] (II) modeset(0): Modeline "840x525"x120.0   73.12  840 892 980 1120  525 526 529 544 doublescan -hsync +vsync (65.3 kHz d)
[   330.039] (II) modeset(0): Modeline "840x525"x119.8   59.50  840 864 880 920  525 526 529 540 doublescan +hsync -vsync (64.7 kHz d)
[   330.039] (II) modeset(0): Modeline "864x486"x59.9   32.50  864 888 968 1072  486 489 494 506 -hsync +vsync (30.3 kHz d)
[   330.039] (II) modeset(0): Modeline "864x486"x59.6   30.50  864 912 944 1024  486 489 494 500 +hsync -vsync (29.8 kHz d)
[   330.039] (II) modeset(0): Modeline "700x525"x120.0   61.00  700 744 820 940  525 526 532 541 doublescan +hsync +vsync (64.9 kHz d)
[   330.039] (II) modeset(0): Modeline "800x450"x119.9   59.12  800 848 928 1056  450 451 454 467 doublescan -hsync +vsync (56.0 kHz d)
[   330.039] (II) modeset(0): Modeline "800x450"x119.6   48.75  800 824 840 880  450 451 454 463 doublescan +hsync -vsync (55.4 kHz d)
[   330.039] (II) modeset(0): Modeline "640x512"x120.0   54.00  640 664 720 844  512 512 514 533 doublescan +hsync +vsync (64.0 kHz d)
[   330.039] (II) modeset(0): Modeline "700x450"x119.9   51.75  700 740 812 924  450 451 456 467 doublescan -hsync +vsync (56.0 kHz d)
[   330.039] (II) modeset(0): Modeline "700x450"x119.8   43.25  700 724 740 780  450 451 456 463 doublescan +hsync -vsync (55.4 kHz d)
[   330.039] (II) modeset(0): Modeline "640x480"x120.0   54.00  640 688 744 900  480 480 482 500 doublescan +hsync +vsync (60.0 kHz d)
[   330.040] (II) modeset(0): Modeline "640x480"x59.9   25.18  640 656 752 800  480 490 492 525 -hsync -vsync (31.5 kHz d)
[   330.040] (II) modeset(0): Modeline "720x405"x59.5   22.50  720 744 808 896  405 408 413 422 -hsync +vsync (25.1 kHz d)
[   330.040] (II) modeset(0): Modeline "720x405"x59.0   21.75  720 768 800 880  405 408 413 419 +hsync -vsync (24.7 kHz d)
[   330.040] (II) modeset(0): Modeline "684x384"x119.8   42.62  684 720 788 892  384 385 390 399 doublescan -hsync +vsync (47.8 kHz d)
[   330.040] (II) modeset(0): Modeline "684x384"x119.7   36.12  684 708 724 764  384 385 390 395 doublescan +hsync -vsync (47.3 kHz d)
[   330.040] (II) modeset(0): Modeline "640x400"x119.8   41.75  640 676 740 840  400 401 404 415 doublescan -hsync +vsync (49.7 kHz d)
[   330.040] (II) modeset(0): Modeline "640x400"x120.0   35.50  640 664 680 720  400 401 404 411 doublescan +hsync -vsync (49.3 kHz d)
[   330.040] (II) modeset(0): Modeline "640x360"x119.7   37.25  640 672 736 832  360 361 364 374 doublescan -hsync +vsync (44.8 kHz d)
[   330.040] (II) modeset(0): Modeline "640x360"x119.7   31.88  640 664 680 720  360 361 364 370 doublescan +hsync -vsync (44.3 kHz d)
[   330.040] (II) modeset(0): Modeline "640x360"x59.8   18.00  640 664 720 800  360 363 368 376 -hsync +vsync (22.5 kHz d)
[   330.040] (II) modeset(0): Modeline "640x360"x59.3   17.75  640 688 720 800  360 363 368 374 +hsync -vsync (22.2 kHz d)
[   330.040] (II) modeset(0): Modeline "512x384"x120.0   32.50  512 524 592 672  384 385 388 403 doublescan -hsync -vsync (48.4 kHz d)
[   330.040] (II) modeset(0): Modeline "512x288"x120.0   23.25  512 532 580 648  288 289 292 299 doublescan -hsync +vsync (35.9 kHz d)
[   330.040] (II) modeset(0): Modeline "512x288"x119.8   21.00  512 536 552 592  288 289 292 296 doublescan +hsync -vsync (35.5 kHz d)
[   330.040] (II) modeset(0): Modeline "480x270"x119.3   20.38  480 496 544 608  270 271 274 281 doublescan -hsync +vsync (33.5 kHz d)
[   330.040] (II) modeset(0): Modeline "480x270"x119.6   18.62  480 504 520 560  270 271 274 278 doublescan +hsync -vsync (33.3 kHz d)
[   330.040] (II) modeset(0): Modeline "400x300"x120.6   20.00  400 420 484 528  300 300 302 314 doublescan +hsync +vsync (37.9 kHz d)
[   330.040] (II) modeset(0): Modeline "400x300"x112.7   18.00  400 412 448 512  300 300 301 312 doublescan +hsync +vsync (35.2 kHz d)
[   330.040] (II) modeset(0): Modeline "432x243"x119.8   16.25  432 444 484 536  243 244 247 253 doublescan -hsync +vsync (30.3 kHz d)
[   330.040] (II) modeset(0): Modeline "432x243"x119.1   15.25  432 456 472 512  243 244 247 250 doublescan +hsync -vsync (29.8 kHz d)
[   330.040] (II) modeset(0): Modeline "320x240"x120.1   12.59  320 328 376 400  240 245 246 262 doublescan -hsync -vsync (31.5 kHz d)
[   330.040] (II) modeset(0): Modeline "360x202"x119.0   11.25  360 372 404 448  202 204 206 211 doublescan -hsync +vsync (25.1 kHz d)
[   330.040] (II) modeset(0): Modeline "360x202"x118.3   10.88  360 384 400 440  202 204 206 209 doublescan +hsync -vsync (24.7 kHz d)
[   330.040] (II) modeset(0): Modeline "320x180"x119.7    9.00  320 332 360 400  180 181 184 188 doublescan -hsync +vsync (22.5 kHz d)
[   330.040] (II) modeset(0): Modeline "320x180"x118.6    8.88  320 344 360 400  180 181 184 187 doublescan +hsync -vsync (22.2 kHz d)
[   330.040] (II) modeset(0): EDID for output DP-1
[   330.040] (II) modeset(0): EDID for output DP-2
[   330.040] (II) modeset(0): Output eDP-1 connected
[   330.040] (II) modeset(0): Output DP-1 disconnected
[   330.040] (II) modeset(0): Output DP-2 disconnected
[   330.040] (II) modeset(0): Using exact sizes for initial modes
[   330.040] (II) modeset(0): Output eDP-1 using initial mode 1920x1080 +0+0
[   330.040] (==) modeset(0): Using gamma correction (1.0, 1.0, 1.0)
[   330.040] (==) modeset(0): DPI set to (96, 96)
[   330.040] (II) Loading sub module "fb"
[   330.040] (II) LoadModule: "fb"
[   330.040] (II) Loading /usr/lib/xorg/modules/libfb.so
[   330.041] (II) Module fb: vendor="X.Org Foundation"
[   330.042] 	compiled for 1.20.8, module version = 1.0.0
[   330.042] 	ABI class: X.Org ANSI C Emulation, version 0.4
[   330.061] (==) modeset(0): Backing store enabled
[   330.061] (==) modeset(0): Silken mouse disabled
[   330.151] (II) modeset(0): Initializing kms color map for depth 24, 8 bpc.
[   330.151] (==) modeset(0): DPMS enabled
[   330.152] (II) modeset(0): [DRI2] Setup complete
[   330.152] (II) modeset(0): [DRI2]   DRI driver: iris
[   330.152] (II) modeset(0): [DRI2]   VDPAU driver: va_gl
[   330.152] (II) Initializing extension Generic Event Extension
[   330.152] (II) Initializing extension SHAPE
[   330.152] (II) Initializing extension MIT-SHM
[   330.152] (II) Initializing extension XInputExtension
[   330.152] (II) Initializing extension XTEST
[   330.152] (II) Initializing extension BIG-REQUESTS
[   330.152] (II) Initializing extension SYNC
[   330.152] (II) Initializing extension XKEYBOARD
[   330.152] (II) Initializing extension XC-MISC
[   330.152] (II) Initializing extension SECURITY
[   330.152] (II) Initializing extension XFIXES
[   330.152] (II) Initializing extension RENDER
[   330.152] (II) Initializing extension RANDR
[   330.152] (II) Initializing extension COMPOSITE
[   330.152] (II) Initializing extension DAMAGE
[   330.152] (II) Initializing extension MIT-SCREEN-SAVER
[   330.152] (II) Initializing extension DOUBLE-BUFFER
[   330.152] (II) Initializing extension RECORD
[   330.152] (II) Initializing extension DPMS
[   330.152] (II) Initializing extension Present
[   330.152] (II) Initializing extension DRI3
[   330.152] (II) Initializing extension X-Resource
[   330.152] (II) Initializing extension XVideo
[   330.153] (II) Initializing extension XVideo-MotionCompensation
[   330.153] (II) Initializing extension GLX
[   330.179] (II) AIGLX: Loaded and initialized iris
[   330.179] (II) GLX: Initialized DRI2 GL provider for screen 0
[   330.179] (II) Initializing extension XFree86-VidModeExtension
[   330.179] (II) Initializing extension XFree86-DGA
[   330.179] (II) Initializing extension XFree86-DRI
[   330.179] (II) Initializing extension DRI2
[   330.183] (II) modeset(0): Damage tracking initialized
[   330.183] (II) modeset(0): Setting screen physical size to 508 x 285
[   330.248] (II) config/udev: Adding input device Power Button (/dev/input/event3)
[   330.248] (**) Power Button: Applying InputClass "libinput keyboard catchall"
[   330.248] (II) LoadModule: "libinput"
[   330.248] (II) Loading /usr/lib/xorg/modules/input/libinput_drv.so
[   330.252] (II) Module libinput: vendor="X.Org Foundation"
[   330.252] 	compiled for 1.20.7, module version = 0.29.0
[   330.252] 	Module class: X.Org XInput Driver
[   330.252] 	ABI class: X.Org XInput driver, version 24.1
[   330.252] (II) Using input driver 'libinput' for 'Power Button'
[   330.253] (II) systemd-logind: got fd for /dev/input/event3 13:67 fd 18 paused 0
[   330.253] (**) Power Button: always reports core events
[   330.253] (**) Option "Device" "/dev/input/event3"
[   330.253] (**) Option "_source" "server/udev"
[   330.256] (II) event3  - Power Button: is tagged by udev as: Keyboard
[   330.256] (II) event3  - Power Button: device is a keyboard
[   330.256] (II) event3  - Power Button: device removed
[   330.256] (**) Option "config_info" "udev:/sys/devices/LNXSYSTM:00/LNXPWRBN:00/input/input3/event3"
[   330.256] (II) XINPUT: Adding extended input device "Power Button" (type: KEYBOARD, id 6)
[   330.257] (II) event3  - Power Button: is tagged by udev as: Keyboard
[   330.257] (II) event3  - Power Button: device is a keyboard
[   330.258] (II) config/udev: Adding input device Video Bus (/dev/input/event11)
[   330.258] (**) Video Bus: Applying InputClass "libinput keyboard catchall"
[   330.258] (II) Using input driver 'libinput' for 'Video Bus'
[   330.259] (II) systemd-logind: got fd for /dev/input/event11 13:75 fd 21 paused 0
[   330.259] (**) Video Bus: always reports core events
[   330.259] (**) Option "Device" "/dev/input/event11"
[   330.259] (**) Option "_source" "server/udev"
[   330.260] (II) event11 - Video Bus: is tagged by udev as: Keyboard
[   330.260] (II) event11 - Video Bus: device is a keyboard
[   330.260] (II) event11 - Video Bus: device removed
[   330.260] (**) Option "config_info" "udev:/sys/devices/LNXSYSTM:00/LNXSYBUS:00/PNP0A08:00/LNXVIDEO:00/input/input15/event11"
[   330.260] (II) XINPUT: Adding extended input device "Video Bus" (type: KEYBOARD, id 7)
[   330.261] (II) event11 - Video Bus: is tagged by udev as: Keyboard
[   330.261] (II) event11 - Video Bus: device is a keyboard
[   330.262] (II) config/udev: Adding input device Power Button (/dev/input/event1)
[   330.262] (**) Power Button: Applying InputClass "libinput keyboard catchall"
[   330.262] (II) Using input driver 'libinput' for 'Power Button'
[   330.263] (II) systemd-logind: got fd for /dev/input/event1 13:65 fd 22 paused 0
[   330.263] (**) Power Button: always reports core events
[   330.263] (**) Option "Device" "/dev/input/event1"
[   330.263] (**) Option "_source" "server/udev"
[   330.263] (II) event1  - Power Button: is tagged by udev as: Keyboard
[   330.264] (II) event1  - Power Button: device is a keyboard
[   330.264] (II) event1  - Power Button: device removed
[   330.264] (**) Option "config_info" "udev:/sys/devices/LNXSYSTM:00/LNXSYBUS:00/PNP0C0C:00/input/input1/event1"
[   330.264] (II) XINPUT: Adding extended input device "Power Button" (type: KEYBOARD, id 8)
[   330.265] (II) event1  - Power Button: is tagged by udev as: Keyboard
[   330.265] (II) event1  - Power Button: device is a keyboard
[   330.265] (II) config/udev: Adding input device Lid Switch (/dev/input/event0)
[   330.265] (II) No input driver specified, ignoring this device.
[   330.265] (II) This device may have been added with another device file.
[   330.266] (II) config/udev: Adding input device Sleep Button (/dev/input/event2)
[   330.266] (**) Sleep Button: Applying InputClass "libinput keyboard catchall"
[   330.266] (II) Using input driver 'libinput' for 'Sleep Button'
[   330.267] (II) systemd-logind: got fd for /dev/input/event2 13:66 fd 23 paused 0
[   330.267] (**) Sleep Button: always reports core events
[   330.267] (**) Option "Device" "/dev/input/event2"
[   330.267] (**) Option "_source" "server/udev"
[   330.268] (II) event2  - Sleep Button: is tagged by udev as: Keyboard
[   330.268] (II) event2  - Sleep Button: device is a keyboard
[   330.268] (II) event2  - Sleep Button: device removed
[   330.268] (**) Option "config_info" "udev:/sys/devices/LNXSYSTM:00/LNXSYBUS:00/PNP0C0E:00/input/input2/event2"
[   330.268] (II) XINPUT: Adding extended input device "Sleep Button" (type: KEYBOARD, id 9)
[   330.269] (II) event2  - Sleep Button: is tagged by udev as: Keyboard
[   330.269] (II) event2  - Sleep Button: device is a keyboard
[   330.270] (II) config/udev: Adding input device Integrated_Webcam_HD: Integrate (/dev/input/event21)
[   330.270] (**) Integrated_Webcam_HD: Integrate: Applying InputClass "libinput keyboard catchall"
[   330.270] (II) Using input driver 'libinput' for 'Integrated_Webcam_HD: Integrate'
[   330.271] (II) systemd-logind: got fd for /dev/input/event21 13:85 fd 24 paused 0
[   330.271] (**) Integrated_Webcam_HD: Integrate: always reports core events
[   330.271] (**) Option "Device" "/dev/input/event21"
[   330.271] (**) Option "_source" "server/udev"
[   330.272] (II) event21 - Integrated_Webcam_HD: Integrate: is tagged by udev as: Keyboard
[   330.272] (II) event21 - Integrated_Webcam_HD: Integrate: device is a keyboard
[   330.272] (II) event21 - Integrated_Webcam_HD: Integrate: device removed
[   330.272] (**) Option "config_info" "udev:/sys/devices/pci0000:00/0000:00:14.0/usb1/1-5/1-5:1.0/input/input26/event21"
[   330.272] (II) XINPUT: Adding extended input device "Integrated_Webcam_HD: Integrate" (type: KEYBOARD, id 10)
[   330.274] (II) event21 - Integrated_Webcam_HD: Integrate: is tagged by udev as: Keyboard
[   330.274] (II) event21 - Integrated_Webcam_HD: Integrate: device is a keyboard
[   330.275] (II) config/udev: Adding input device DLL075B:01 06CB:76AF Mouse (/dev/input/event12)
[   330.275] (**) DLL075B:01 06CB:76AF Mouse: Applying InputClass "libinput pointer catchall"
[   330.275] (II) Using input driver 'libinput' for 'DLL075B:01 06CB:76AF Mouse'
[   330.275] (II) systemd-logind: got fd for /dev/input/event12 13:76 fd 25 paused 0
[   330.275] (**) DLL075B:01 06CB:76AF Mouse: always reports core events
[   330.275] (**) Option "Device" "/dev/input/event12"
[   330.275] (**) Option "_source" "server/udev"
[   330.277] (II) event12 - DLL075B:01 06CB:76AF Mouse: is tagged by udev as: Mouse Pointingstick
[   330.277] (II) event12 - DLL075B:01 06CB:76AF Mouse: device is a pointer
[   330.277] (II) event12 - DLL075B:01 06CB:76AF Mouse: device removed
[   330.278] (**) Option "config_info" "udev:/sys/devices/pci0000:00/0000:00:15.1/i2c_designware.1/i2c-2/i2c-DLL075B:01/0018:06CB:76AF.0001/input/input16/event12"
[   330.278] (II) XINPUT: Adding extended input device "DLL075B:01 06CB:76AF Mouse" (type: MOUSE, id 11)
[   330.278] (**) Option "AccelerationScheme" "none"
[   330.278] (**) DLL075B:01 06CB:76AF Mouse: (accel) selected scheme none/0
[   330.278] (**) DLL075B:01 06CB:76AF Mouse: (accel) acceleration factor: 2.000
[   330.278] (**) DLL075B:01 06CB:76AF Mouse: (accel) acceleration threshold: 4
[   330.279] (II) event12 - DLL075B:01 06CB:76AF Mouse: is tagged by udev as: Mouse Pointingstick
[   330.279] (II) event12 - DLL075B:01 06CB:76AF Mouse: device is a pointer
[   330.280] (II) config/udev: Adding input device DLL075B:01 06CB:76AF Mouse (/dev/input/mouse1)
[   330.280] (II) No input driver specified, ignoring this device.
[   330.280] (II) This device may have been added with another device file.
[   330.281] (II) config/udev: Adding input device DLL075B:01 06CB:76AF Touchpad (/dev/input/event13)
[   330.281] (**) DLL075B:01 06CB:76AF Touchpad: Applying InputClass "libinput touchpad catchall"
[   330.281] (II) Using input driver 'libinput' for 'DLL075B:01 06CB:76AF Touchpad'
[   330.281] (II) systemd-logind: got fd for /dev/input/event13 13:77 fd 26 paused 0
[   330.281] (**) DLL075B:01 06CB:76AF Touchpad: always reports core events
[   330.281] (**) Option "Device" "/dev/input/event13"
[   330.281] (**) Option "_source" "server/udev"
[   330.282] (II) event13 - DLL075B:01 06CB:76AF Touchpad: is tagged by udev as: Touchpad
[   330.284] (II) event13 - DLL075B:01 06CB:76AF Touchpad: device is a touchpad
[   330.284] (II) event13 - DLL075B:01 06CB:76AF Touchpad: device removed
[   330.284] (**) Option "config_info" "udev:/sys/devices/pci0000:00/0000:00:15.1/i2c_designware.1/i2c-2/i2c-DLL075B:01/0018:06CB:76AF.0001/input/input17/event13"
[   330.284] (II) XINPUT: Adding extended input device "DLL075B:01 06CB:76AF Touchpad" (type: TOUCHPAD, id 12)
[   330.285] (**) Option "AccelerationScheme" "none"
[   330.285] (**) DLL075B:01 06CB:76AF Touchpad: (accel) selected scheme none/0
[   330.285] (**) DLL075B:01 06CB:76AF Touchpad: (accel) acceleration factor: 2.000
[   330.285] (**) DLL075B:01 06CB:76AF Touchpad: (accel) acceleration threshold: 4
[   330.286] (II) event13 - DLL075B:01 06CB:76AF Touchpad: is tagged by udev as: Touchpad
[   330.287] (II) event13 - DLL075B:01 06CB:76AF Touchpad: device is a touchpad
[   330.288] (II) config/udev: Adding input device DLL075B:01 06CB:76AF Touchpad (/dev/input/mouse2)
[   330.288] (II) No input driver specified, ignoring this device.
[   330.288] (II) This device may have been added with another device file.
[   330.288] (II) config/udev: Adding input device Intel Virtual Button driver (/dev/input/event7)
[   330.288] (**) Intel Virtual Button driver: Applying InputClass "libinput keyboard catchall"
[   330.288] (II) Using input driver 'libinput' for 'Intel Virtual Button driver'
[   330.289] (II) systemd-logind: got fd for /dev/input/event7 13:71 fd 27 paused 0
[   330.289] (**) Intel Virtual Button driver: always reports core events
[   330.289] (**) Option "Device" "/dev/input/event7"
[   330.289] (**) Option "_source" "server/udev"
[   330.290] (II) event7  - Intel Virtual Button driver: is tagged by udev as: Keyboard Switch
[   330.290] (II) event7  - Intel Virtual Button driver: device is a keyboard
[   330.290] (II) event7  - Intel Virtual Button driver: device is a switch device
[   330.290] (II) event7  - Intel Virtual Button driver: device removed
[   330.290] (**) Option "config_info" "udev:/sys/devices/pci0000:00/0000:00:1f.0/PNP0C09:00/INT33D6:00/input/input8/event7"
[   330.290] (II) XINPUT: Adding extended input device "Intel Virtual Button driver" (type: KEYBOARD, id 13)
[   330.291] (II) event7  - Intel Virtual Button driver: is tagged by udev as: Keyboard Switch
[   330.291] (II) event7  - Intel Virtual Button driver: device is a keyboard
[   330.291] (II) event7  - Intel Virtual Button driver: device is a switch device
[   330.292] (II) config/udev: Adding input device HDA Digital PCBeep (/dev/input/event14)
[   330.292] (II) No input driver specified, ignoring this device.
[   330.292] (II) This device may have been added with another device file.
[   330.292] (II) config/udev: Adding input device HDA Intel PCH Headphone Mic (/dev/input/event15)
[   330.292] (II) No input driver specified, ignoring this device.
[   330.292] (II) This device may have been added with another device file.
[   330.292] (II) config/udev: Adding input device HDA Intel PCH HDMI/DP,pcm=3 (/dev/input/event16)
[   330.292] (II) No input driver specified, ignoring this device.
[   330.292] (II) This device may have been added with another device file.
[   330.293] (II) config/udev: Adding input device HDA Intel PCH HDMI/DP,pcm=7 (/dev/input/event17)
[   330.293] (II) No input driver specified, ignoring this device.
[   330.293] (II) This device may have been added with another device file.
[   330.293] (II) config/udev: Adding input device HDA Intel PCH HDMI/DP,pcm=8 (/dev/input/event18)
[   330.293] (II) No input driver specified, ignoring this device.
[   330.293] (II) This device may have been added with another device file.
[   330.293] (II) config/udev: Adding input device HDA Intel PCH HDMI/DP,pcm=9 (/dev/input/event19)
[   330.293] (II) No input driver specified, ignoring this device.
[   330.293] (II) This device may have been added with another device file.
[   330.293] (II) config/udev: Adding input device HDA Intel PCH HDMI/DP,pcm=10 (/dev/input/event20)
[   330.293] (II) No input driver specified, ignoring this device.
[   330.293] (II) This device may have been added with another device file.
[   330.294] (II) config/udev: Adding input device Intel HID events (/dev/input/event5)
[   330.294] (**) Intel HID events: Applying InputClass "libinput keyboard catchall"
[   330.294] (II) Using input driver 'libinput' for 'Intel HID events'
[   330.294] (II) systemd-logind: got fd for /dev/input/event5 13:69 fd 28 paused 0
[   330.294] (**) Intel HID events: always reports core events
[   330.294] (**) Option "Device" "/dev/input/event5"
[   330.294] (**) Option "_source" "server/udev"
[   330.295] (II) event5  - Intel HID events: is tagged by udev as: Keyboard
[   330.295] (II) event5  - Intel HID events: device is a keyboard
[   330.295] (II) event5  - Intel HID events: device removed
[   330.295] (**) Option "config_info" "udev:/sys/devices/platform/INT33D5:00/input/input6/event5"
[   330.295] (II) XINPUT: Adding extended input device "Intel HID events" (type: KEYBOARD, id 14)
[   330.296] (II) event5  - Intel HID events: is tagged by udev as: Keyboard
[   330.296] (II) event5  - Intel HID events: device is a keyboard
[   330.296] (II) config/udev: Adding input device Intel HID 5 button array (/dev/input/event6)
[   330.296] (**) Intel HID 5 button array: Applying InputClass "libinput keyboard catchall"
[   330.296] (II) Using input driver 'libinput' for 'Intel HID 5 button array'
[   330.297] (II) systemd-logind: got fd for /dev/input/event6 13:70 fd 29 paused 0
[   330.297] (**) Intel HID 5 button array: always reports core events
[   330.297] (**) Option "Device" "/dev/input/event6"
[   330.297] (**) Option "_source" "server/udev"
[   330.297] (II) event6  - Intel HID 5 button array: is tagged by udev as: Keyboard
[   330.298] (II) event6  - Intel HID 5 button array: device is a keyboard
[   330.298] (II) event6  - Intel HID 5 button array: device removed
[   330.298] (**) Option "config_info" "udev:/sys/devices/platform/INT33D5:00/input/input7/event6"
[   330.298] (II) XINPUT: Adding extended input device "Intel HID 5 button array" (type: KEYBOARD, id 15)
[   330.298] (II) event6  - Intel HID 5 button array: is tagged by udev as: Keyboard
[   330.298] (II) event6  - Intel HID 5 button array: device is a keyboard
[   330.299] (II) config/udev: Adding input device Dell WMI hotkeys (/dev/input/event10)
[   330.299] (**) Dell WMI hotkeys: Applying InputClass "libinput keyboard catchall"
[   330.299] (II) Using input driver 'libinput' for 'Dell WMI hotkeys'
[   330.300] (II) systemd-logind: got fd for /dev/input/event10 13:74 fd 30 paused 0
[   330.300] (**) Dell WMI hotkeys: always reports core events
[   330.300] (**) Option "Device" "/dev/input/event10"
[   330.300] (**) Option "_source" "server/udev"
[   330.301] (II) event10 - Dell WMI hotkeys: is tagged by udev as: Keyboard
[   330.301] (II) event10 - Dell WMI hotkeys: device is a keyboard
[   330.301] (II) event10 - Dell WMI hotkeys: device removed
[   330.301] (**) Option "config_info" "udev:/sys/devices/platform/PNP0C14:01/wmi_bus/wmi_bus-PNP0C14:01/9DBB5994-A997-11DA-B012-B622A1EF5492/input/input11/event10"
[   330.301] (II) XINPUT: Adding extended input device "Dell WMI hotkeys" (type: KEYBOARD, id 16)
[   330.302] (II) event10 - Dell WMI hotkeys: is tagged by udev as: Keyboard
[   330.302] (II) event10 - Dell WMI hotkeys: device is a keyboard
[   330.303] (II) config/udev: Adding input device AT Translated Set 2 keyboard (/dev/input/event4)
[   330.303] (**) AT Translated Set 2 keyboard: Applying InputClass "libinput keyboard catchall"
[   330.303] (II) Using input driver 'libinput' for 'AT Translated Set 2 keyboard'
[   330.303] (II) systemd-logind: got fd for /dev/input/event4 13:68 fd 31 paused 0
[   330.303] (**) AT Translated Set 2 keyboard: always reports core events
[   330.303] (**) Option "Device" "/dev/input/event4"
[   330.303] (**) Option "_source" "server/udev"
[   330.304] (II) event4  - AT Translated Set 2 keyboard: is tagged by udev as: Keyboard
[   330.304] (II) event4  - AT Translated Set 2 keyboard: device is a keyboard
[   330.305] (II) event4  - AT Translated Set 2 keyboard: device removed
[   330.305] (**) Option "config_info" "udev:/sys/devices/platform/i8042/serio0/input/input4/event4"
[   330.305] (II) XINPUT: Adding extended input device "AT Translated Set 2 keyboard" (type: KEYBOARD, id 17)
[   330.306] (II) event4  - AT Translated Set 2 keyboard: is tagged by udev as: Keyboard
[   330.306] (II) event4  - AT Translated Set 2 keyboard: device is a keyboard
[   330.307] (II) config/udev: Adding input device SynPS/2 Synaptics TouchPad (/dev/input/event9)
[   330.307] (**) SynPS/2 Synaptics TouchPad: Applying InputClass "libinput touchpad catchall"
[   330.307] (II) Using input driver 'libinput' for 'SynPS/2 Synaptics TouchPad'
[   330.308] (II) systemd-logind: got fd for /dev/input/event9 13:73 fd 32 paused 0
[   330.308] (**) SynPS/2 Synaptics TouchPad: always reports core events
[   330.308] (**) Option "Device" "/dev/input/event9"
[   330.308] (**) Option "_source" "server/udev"
[   330.309] (II) event9  - SynPS/2 Synaptics TouchPad: is tagged by udev as: Touchpad
[   330.309] (II) event9  - SynPS/2 Synaptics TouchPad: no resolution or size hints, assuming a size of 69x50mm
[   330.310] (II) event9  - SynPS/2 Synaptics TouchPad: device is a touchpad
[   330.310] (II) event9  - SynPS/2 Synaptics TouchPad: device removed
[   330.310] (**) Option "config_info" "udev:/sys/devices/platform/i8042/serio1/input/input10/event9"
[   330.310] (II) XINPUT: Adding extended input device "SynPS/2 Synaptics TouchPad" (type: TOUCHPAD, id 18)
[   330.311] (**) Option "AccelerationScheme" "none"
[   330.311] (**) SynPS/2 Synaptics TouchPad: (accel) selected scheme none/0
[   330.311] (**) SynPS/2 Synaptics TouchPad: (accel) acceleration factor: 2.000
[   330.311] (**) SynPS/2 Synaptics TouchPad: (accel) acceleration threshold: 4
[   330.312] (II) event9  - SynPS/2 Synaptics TouchPad: is tagged by udev as: Touchpad
[   330.312] (II) event9  - SynPS/2 Synaptics TouchPad: no resolution or size hints, assuming a size of 69x50mm
[   330.313] (II) event9  - SynPS/2 Synaptics TouchPad: device is a touchpad
[   330.313] (II) config/udev: Adding input device SynPS/2 Synaptics TouchPad (/dev/input/mouse0)
[   330.313] (II) No input driver specified, ignoring this device.
[   330.313] (II) This device may have been added with another device file.
[   330.314] (II) config/udev: Adding input device PC Speaker (/dev/input/event8)
[   330.314] (II) No input driver specified, ignoring this device.
[   330.314] (II) This device may have been added with another device file.
[   330.716] (II) modeset(0): EDID vendor "SHP", prod id 5193
[   330.716] (II) modeset(0): Printing DDC gathered Modelines:
[   330.716] (II) modeset(0): Modeline "1920x1080"x0.0  138.50  1920 1968 2000 2080  1080 1083 1088 1111 -hsync -vsync (66.6 kHz eP)
[   330.779] (II) modeset(0): EDID vendor "SHP", prod id 5193
[   330.779] (II) modeset(0): Printing DDC gathered Modelines:
[   330.779] (II) modeset(0): Modeline "1920x1080"x0.0  138.50  1920 1968 2000 2080  1080 1083 1088 1111 -hsync -vsync (66.6 kHz eP)
